<?xml version="1.0" encoding="UTF-8"?>
<testng-results skipped="0" failed="0" ignored="0" total="1" passed="1">
  <reporter-output>
  </reporter-output>
  <suite name="Amazon Test Automation Script" duration-ms="28255" started-at="2020-04-18T13:46:30Z" finished-at="2020-04-18T13:46:58Z">
    <groups>
    </groups>
    <test name="Amazon Home" duration-ms="28255" started-at="2020-04-18T13:46:30Z" finished-at="2020-04-18T13:46:58Z">
      <class name="search.TestingAmazonSearch">
        <test-method status="PASS" signature="setUp()[pri:0, instance:search.TestingAmazonSearch@26ba2a48]" name="setUp" is-config="true" duration-ms="5539" started-at="2020-04-18T13:46:30Z" finished-at="2020-04-18T13:46:36Z">
          <reporter-output>
          </reporter-output>
        </test-method> <!-- setUp -->
        <test-method status="PASS" signature="testTypingOnSearchBox()[pri:0, instance:search.TestingAmazonSearch@26ba2a48]" name="testTypingOnSearchBox" duration-ms="22483" started-at="2020-04-18T13:46:36Z" finished-at="2020-04-18T13:46:58Z">
          <reporter-output>
          </reporter-output>
        </test-method> <!-- testTypingOnSearchBox -->
        <test-method status="PASS" signature="cleanUp()[pri:0, instance:search.TestingAmazonSearch@26ba2a48]" name="cleanUp" is-config="true" duration-ms="199" started-at="2020-04-18T13:46:58Z" finished-at="2020-04-18T13:46:58Z">
          <reporter-output>
          </reporter-output>
        </test-method> <!-- cleanUp -->
      </class> <!-- search.TestingAmazonSearch -->
    </test> <!-- Amazon Home -->
  </suite> <!-- Amazon Test Automation Script -->
</testng-results>
